INFO  | 26-05-2023 16:48:02 | managers.DumpManager - Collection successfully loaded!
INFO  | 26-05-2023 16:48:02 | network.TCPServer - Starting the server...
INFO  | 26-05-2023 16:48:02 | network.TCPServer - The server has been successfully started.
INFO  | 26-05-2023 16:48:02 | network.TCPServer - Listening port '1821'...
INFO  | 26-05-2023 16:48:12 | network.TCPServer - The connection with the client has been successfully established.
INFO  | 26-05-2023 16:48:30 | network.ProcessingRequests - Request 'help' has been successfully processed.
INFO  | 26-05-2023 16:48:30 | network.ProcessingRequests - The client has been successfully disconnected from the server!
INFO  | 26-05-2023 16:48:30 | network.TCPServer - Listening port '1821'...
INFO  | 26-05-2023 16:48:34 | network.TCPServer - The connection with the client has been successfully established.
INFO  | 26-05-2023 16:48:52 | network.ProcessingRequests - Request 'show' has been successfully processed.
INFO  | 26-05-2023 16:48:52 | network.ProcessingRequests - The client has been successfully disconnected from the server!
INFO  | 26-05-2023 16:48:52 | network.TCPServer - Listening port '1821'...
INFO  | 26-05-2023 16:48:52 | network.TCPServer - The connection with the client has been successfully established.
INFO  | 26-05-2023 17:19:13 | network.ProcessingRequests - Request 'exit' has been successfully processed.
INFO  | 26-05-2023 17:19:13 | network.ProcessingRequests - The client has been successfully disconnected from the server!
INFO  | 26-05-2023 17:19:13 | network.TCPServer - Listening port '1821'...
INFO  | 26-05-2023 17:19:13 | network.TCPServer - The connection with the client has been successfully established.
INFO  | 26-05-2023 17:19:23 | network.ProcessingRequests - Request 'help' has been successfully processed.
INFO  | 26-05-2023 17:19:39 | network.ProcessingRequests - Request 'show' has been successfully processed.
INFO  | 26-05-2023 17:20:59 | network.ProcessingRequests - The client has been successfully disconnected from the server!
INFO  | 26-05-2023 17:20:59 | network.TCPServer - Listening port '1821'...
INFO  | 26-05-2023 17:20:59 | network.TCPServer - The connection with the client has been successfully established.
WARN  | 26-05-2023 17:20:59 | network.ProcessingRequests - Unexpected disconnection from the client!
INFO  | 26-05-2023 17:20:59 | network.TCPServer - Listening port '1821'...
INFO  | 26-05-2023 17:21:10 | network.TCPServer - The connection with the client has been successfully established.
INFO  | 26-05-2023 17:21:25 | network.ProcessingRequests - Request 'help' has been successfully processed.
INFO  | 26-05-2023 17:21:41 | network.ProcessingRequests - Request 'show' has been successfully processed.
INFO  | 26-05-2023 17:22:26 | network.ProcessingRequests - Request 'exit' has been successfully processed.
INFO  | 26-05-2023 17:22:26 | network.ProcessingRequests - The client has been successfully disconnected from the server!
INFO  | 26-05-2023 17:22:26 | network.TCPServer - Listening port '1821'...
INFO  | 26-05-2023 17:22:26 | network.TCPServer - The connection with the client has been successfully established.
WARN  | 26-05-2023 17:22:26 | network.ProcessingRequests - Unexpected disconnection from the client!
INFO  | 26-05-2023 17:22:26 | network.TCPServer - Listening port '1821'...
INFO  | 26-05-2023 17:22:35 | network.TCPServer - The connection with the client has been successfully established.
INFO  | 26-05-2023 17:22:42 | network.ProcessingRequests - Request 'help' has been successfully processed.
