INFO  | 25-05-2023 03:37:42 | managers.DumpManager - Collection successfully loaded!
INFO  | 25-05-2023 03:37:42 | network.TCPServer - Starting the server...
INFO  | 25-05-2023 03:37:42 | network.TCPServer - The server has been successfully started.
INFO  | 25-05-2023 03:37:42 | network.TCPServer - Listening port '1821'...
INFO  | 25-05-2023 03:37:55 | network.TCPServer - The connection with the client has been successfully established.
INFO  | 25-05-2023 03:37:58 | managers.CollectionManager - [Product id 1
Name: testnew
Coordinates: Coordinates{x=100000.0, y=1000}
Date of creation: 2023-05-25T03:37:58.136511500
Price: 3
Unit of measure: PCS
Owner:null]
INFO  | 25-05-2023 03:37:58 | managers.DumpManager - Collection successfully saved to file!
INFO  | 25-05-2023 03:37:58 | network.TCPServer - Request 'add' has been successfully processed.
INFO  | 25-05-2023 03:38:04 | network.TCPServer - The client has been successfully disconnected from the server!
INFO  | 25-05-2023 03:38:04 | network.TCPServer - Listening port '1821'...
INFO  | 25-05-2023 03:38:09 | network.TCPServer - The connection with the client has been successfully established.
INFO  | 25-05-2023 03:38:12 | managers.CollectionManager - [Product id 1
Name: testnew
Coordinates: Coordinates{x=100000.0, y=1000}
Date of creation: 2023-05-25T03:37:58.136511500
Price: 3
Unit of measure: PCS
Owner:null, Product id 2
Name: testnew
Coordinates: Coordinates{x=100000.0, y=1000}
Date of creation: 2023-05-25T03:38:12.742372900
Price: 3
Unit of measure: PCS
Owner:null]
INFO  | 25-05-2023 03:38:12 | managers.DumpManager - Collection successfully saved to file!
INFO  | 25-05-2023 03:38:12 | network.TCPServer - Request 'add' has been successfully processed.
