INFO  | 01-06-2023 02:28:49 | managers.DumpManager - Collection successfully loaded!
INFO  | 01-06-2023 02:28:49 | network.TCPServer - Starting the server...
INFO  | 01-06-2023 02:28:49 | network.TCPServer - The server has been successfully started.
INFO  | 01-06-2023 02:28:49 | network.TCPServer - Listening port '1821'...
INFO  | 01-06-2023 02:29:25 | network.TCPServer - The connection with the client has been successfully established.
INFO  | 01-06-2023 02:29:25 | network.ProcessingRequests - Request 'help' has been successfully processed.
INFO  | 01-06-2023 02:29:25 | network.ProcessingRequests - The client has been successfully disconnected from the server!
INFO  | 01-06-2023 02:29:25 | network.TCPServer - Listening port '1821'...
INFO  | 01-06-2023 02:29:45 | network.TCPServer - The connection with the client has been successfully established.
INFO  | 01-06-2023 02:29:45 | network.ProcessingRequests - Request 'show' has been successfully processed.
INFO  | 01-06-2023 02:29:45 | network.ProcessingRequests - The client has been successfully disconnected from the server!
INFO  | 01-06-2023 02:29:45 | network.TCPServer - Listening port '1821'...
INFO  | 01-06-2023 02:30:09 | network.TCPServer - The connection with the client has been successfully established.
INFO  | 01-06-2023 02:30:09 | network.ProcessingRequests - Request 'help' has been successfully processed.
INFO  | 01-06-2023 02:30:09 | network.ProcessingRequests - The client has been successfully disconnected from the server!
INFO  | 01-06-2023 02:30:09 | network.TCPServer - Listening port '1821'...
INFO  | 01-06-2023 02:30:15 | network.TCPServer - The connection with the client has been successfully established.
INFO  | 01-06-2023 02:30:15 | network.ProcessingRequests - Request 'info' has been successfully processed.
INFO  | 01-06-2023 02:30:15 | network.ProcessingRequests - The client has been successfully disconnected from the server!
INFO  | 01-06-2023 02:30:15 | network.TCPServer - Listening port '1821'...
INFO  | 01-06-2023 02:30:24 | network.TCPServer - The connection with the client has been successfully established.
INFO  | 01-06-2023 02:30:24 | network.ProcessingRequests - Request 'show' has been successfully processed.
INFO  | 01-06-2023 02:30:24 | network.ProcessingRequests - The client has been successfully disconnected from the server!
INFO  | 01-06-2023 02:30:24 | network.TCPServer - Listening port '1821'...
WARN  | 01-06-2023 02:31:24 | network.TCPServer - Connection timeout exceeded!
INFO  | 01-06-2023 02:31:24 | network.TCPServer - Shutting down the server...
INFO  | 01-06-2023 02:31:24 | network.TCPServer - The server operation has been successfully completed.
