INFO  | 25-05-2023 03:30:32 | managers.DumpManager - Collection successfully loaded!
INFO  | 25-05-2023 03:30:32 | network.TCPServer - Starting the server...
INFO  | 25-05-2023 03:30:32 | network.TCPServer - The server has been successfully started.
INFO  | 25-05-2023 03:30:32 | network.TCPServer - Listening port '1821'...
INFO  | 25-05-2023 03:31:02 | network.TCPServer - The connection with the client has been successfully established.
INFO  | 25-05-2023 03:31:02 | managers.CollectionManager - Product id 2
Name: test111
Coordinates: Coordinates{x=100000.0, y=1000}
Date of creation: 2023-05-25T03:31:02.318486300
Price: 3
Unit of measure: PCS
Owner:null
INFO  | 25-05-2023 03:31:02 | managers.DumpManager - Collection successfully saved to file!
INFO  | 25-05-2023 03:31:02 | network.TCPServer - Request 'add' has been successfully processed.
INFO  | 25-05-2023 03:31:02 | network.TCPServer - Request 'execute_script' has been successfully processed.
INFO  | 25-05-2023 03:31:12 | network.TCPServer - Request 'execute_script' has been successfully processed.
INFO  | 25-05-2023 03:31:12 | managers.CollectionManager - Product id 4
Name: test111
Coordinates: Coordinates{x=100000.0, y=1000}
Date of creation: 2023-05-25T03:31:12.389205
Price: 3
Unit of measure: PCS
Owner:null
INFO  | 25-05-2023 03:31:12 | managers.DumpManager - Collection successfully saved to file!
INFO  | 25-05-2023 03:31:12 | network.TCPServer - Request 'add' has been successfully processed.
INFO  | 25-05-2023 03:31:12 | network.TCPServer - Request 'execute_script' has been successfully processed.
INFO  | 25-05-2023 03:31:12 | managers.CollectionManager - Product id 6
Name: test222
Coordinates: Coordinates{x=100000.0, y=1000}
Date of creation: 2023-05-25T03:31:12.406210100
Price: 3
Unit of measure: PCS
Owner:null
INFO  | 25-05-2023 03:31:12 | managers.DumpManager - Collection successfully saved to file!
INFO  | 25-05-2023 03:31:12 | network.TCPServer - Request 'add' has been successfully processed.
INFO  | 25-05-2023 03:31:12 | managers.CollectionManager - Product id 8
Name: test333
Coordinates: Coordinates{x=100000.0, y=1000}
Date of creation: 2023-05-25T03:31:12.419211800
Price: 3
Unit of measure: PCS
Owner:null
INFO  | 25-05-2023 03:31:12 | managers.DumpManager - Collection successfully saved to file!
INFO  | 25-05-2023 03:31:12 | network.TCPServer - Request 'add' has been successfully processed.
