INFO  | 02-06-2023 03:03:15 | managers.DumpManager - Collection successfully loaded!
INFO  | 02-06-2023 03:03:15 | network.TCPServer - Starting the server...
INFO  | 02-06-2023 03:03:15 | network.TCPServer - The server has been successfully started.
INFO  | 02-06-2023 03:03:15 | network.TCPServer - Listening port '1821'...
INFO  | 02-06-2023 03:03:30 | network.TCPServer - The connection with the client has been successfully established.
INFO  | 02-06-2023 03:03:30 | network.RecievingManager - Request 'help' has been successfully processed.
INFO  | 02-06-2023 03:03:30 | network.TCPServer - Listening port '1821'...
INFO  | 02-06-2023 03:03:34 | network.TCPServer - The connection with the client has been successfully established.
INFO  | 02-06-2023 03:03:34 | network.RecievingManager - Request 'info' has been successfully processed.
INFO  | 02-06-2023 03:03:34 | network.TCPServer - Listening port '1821'...
INFO  | 02-06-2023 03:04:08 | network.TCPServer - The connection with the client has been successfully established.
INFO  | 02-06-2023 03:04:08 | managers.DumpManager - Collection successfully saved to file!
INFO  | 02-06-2023 03:04:08 | network.RecievingManager - Request 'add' has been successfully processed.
INFO  | 02-06-2023 03:04:08 | network.TCPServer - Listening port '1821'...
INFO  | 02-06-2023 03:04:08 | network.TCPServer - The connection with the client has been successfully established.
INFO  | 02-06-2023 03:04:08 | network.RecievingManager - Request 'add' has been successfully processed.
INFO  | 02-06-2023 03:04:08 | network.TCPServer - Listening port '1821'...
INFO  | 02-06-2023 03:04:37 | network.TCPServer - The connection with the client has been successfully established.
INFO  | 02-06-2023 03:04:37 | network.RecievingManager - Request 'show' has been successfully processed.
INFO  | 02-06-2023 03:04:37 | network.TCPServer - Listening port '1821'...
INFO  | 02-06-2023 03:05:10 | network.TCPServer - The connection with the client has been successfully established.
INFO  | 02-06-2023 03:05:10 | network.RecievingManager - Request 'info' has been successfully processed.
INFO  | 02-06-2023 03:05:10 | network.TCPServer - Listening port '1821'...
INFO  | 02-06-2023 03:05:24 | network.TCPServer - The connection with the client has been successfully established.
INFO  | 02-06-2023 03:05:24 | managers.DumpManager - Collection successfully saved to file!
INFO  | 02-06-2023 03:05:24 | network.RecievingManager - Request 'remove_by_id' has been successfully processed.
INFO  | 02-06-2023 03:05:24 | network.TCPServer - Listening port '1821'...
