INFO  | 25-05-2023 03:32:58 | managers.DumpManager - Collection successfully loaded!
INFO  | 25-05-2023 03:32:58 | network.TCPServer - Starting the server...
INFO  | 25-05-2023 03:32:58 | network.TCPServer - The server has been successfully started.
INFO  | 25-05-2023 03:32:58 | network.TCPServer - Listening port '1821'...
INFO  | 25-05-2023 03:33:23 | network.TCPServer - The connection with the client has been successfully established.
INFO  | 25-05-2023 03:33:23 | managers.CollectionManager - [Product id 1
Name: a
Coordinates: Coordinates{x=10.0, y=10}
Date of creation: 2023-05-25T01:22:47.129414500
Price: 10
Unit of measure: PCS
Owner:null, Product id 4
Name: test333
Coordinates: Coordinates{x=100000.0, y=1000}
Date of creation: 2023-05-25T03:24:46.768194600
Price: 3
Unit of measure: PCS
Owner:null, Product id 2
Name: test111
Coordinates: Coordinates{x=100000.0, y=1000}
Date of creation: 2023-05-25T03:24:46.731185500
Price: 3
Unit of measure: PCS
Owner:null, Product id 1
Name: test111
Coordinates: Coordinates{x=100000.0, y=1000}
Date of creation: 2023-05-25T03:27:29.596551100
Price: 3
Unit of measure: PCS
Owner:null, Product id 1
Name: test222
Coordinates: Coordinates{x=100000.0, y=1000}
Date of creation: 2023-05-25T03:33:23.567700400
Price: 3
Unit of measure: PCS
Owner:null, Product id 2
Name: q
Coordinates: Coordinates{x=1.0, y=2}
Date of creation: 2023-05-21T03:41:25.806234400
Price: 2
Unit of measure: PCS
Owner:null, Product id 5
Name: test111
Coordinates: Coordinates{x=100000.0, y=1000}
Date of creation: 2023-05-25T03:25:46.366327300
Price: 3
Unit of measure: PCS
Owner:null, Product id 1
Name: test
Coordinates: Coordinates{x=100000.0, y=1000}
Date of creation: 2023-05-25T03:22:50.906289300
Price: 3
Unit of measure: PCS
Owner:null, Product id 3
Name: a
Coordinates: Coordinates{x=0.0, y=1}
Date of creation: 2023-05-21T03:42:27.480896700
Price: 1
Unit of measure: PCS
Owner:null, Product id 2
Name: d
Coordinates: Coordinates{x=0.0, y=0}
Date of creation: 2023-05-25T01:29:32.611253700
Price: null
Unit of measure: PCS
Owner:
Name: as
Birthday: null
Height:10
Eye color: RED
Hair color: RED, Product id 1
Name: aaaasa
Coordinates: Coordinates{x=1.0E10, y=1000000000000}
Date of creation: 2023-05-25T01:40:32.317671100
Price: null
Unit of measure: PCS
Owner:null, Product id 3
Name: test222
Coordinates: Coordinates{x=100000.0, y=1000}
Date of creation: 2023-05-25T03:24:46.757192800
Price: 3
Unit of measure: PCS
Owner:null, Product id 3
Name: test111
Coordinates: Coordinates{x=100000.0, y=1000}
Date of creation: 2023-05-25T03:31:12.389205
Price: 3
Unit of measure: PCS
Owner:null, Product id 1
Name: exit
Coordinates: Coordinates{x=1.0, y=1}
Date of creation: 2023-05-25T01:07:35.590476600
Price: null
Unit of measure: PCS
Owner:null, Product id 1
Name: aaaaaa
Coordinates: Coordinates{x=1000.0, y=1000}
Date of creation: 2023-05-25T01:37:56.880584500
Price: null
Unit of measure: PCS
Owner:null, Product id 1
Name: s
Coordinates: Coordinates{x=10.0, y=1}
Date of creation: 2023-05-25T01:32:10.554324700
Price: null
Unit of measure: PCS
Owner:null, Product id 1
Name: test111
Coordinates: Coordinates{x=100000.0, y=1000}
Date of creation: 2023-05-25T03:31:02.318486300
Price: 3
Unit of measure: PCS
Owner:null, Product id 7
Name: test333
Coordinates: Coordinates{x=100000.0, y=1000}
Date of creation: 2023-05-25T03:31:12.419211800
Price: 3
Unit of measure: PCS
Owner:null, Product id 1
Name: q
Coordinates: Coordinates{x=1.0, y=1}
Date of creation: 2023-05-25T01:34:04.733273
Price: null
Unit of measure: LITERS
Owner:null, Product id 5
Name: test222
Coordinates: Coordinates{x=100000.0, y=1000}
Date of creation: 2023-05-25T03:31:12.406210100
Price: 3
Unit of measure: PCS
Owner:null]
INFO  | 25-05-2023 03:33:23 | managers.DumpManager - Collection successfully saved to file!
INFO  | 25-05-2023 03:33:23 | network.TCPServer - Request 'add' has been successfully processed.
INFO  | 25-05-2023 03:34:21 | managers.CollectionManager - [Product id 1
Name: a
Coordinates: Coordinates{x=10.0, y=10}
Date of creation: 2023-05-25T01:22:47.129414500
Price: 10
Unit of measure: PCS
Owner:null, Product id 2
Name: testnew
Coordinates: Coordinates{x=100000.0, y=1000}
Date of creation: 2023-05-25T03:34:21.050822300
Price: 3
Unit of measure: PCS
Owner:null, Product id 4
Name: test333
Coordinates: Coordinates{x=100000.0, y=1000}
Date of creation: 2023-05-25T03:24:46.768194600
Price: 3
Unit of measure: PCS
Owner:null, Product id 2
Name: test111
Coordinates: Coordinates{x=100000.0, y=1000}
Date of creation: 2023-05-25T03:24:46.731185500
Price: 3
Unit of measure: PCS
Owner:null, Product id 1
Name: test111
Coordinates: Coordinates{x=100000.0, y=1000}
Date of creation: 2023-05-25T03:27:29.596551100
Price: 3
Unit of measure: PCS
Owner:null, Product id 1
Name: test222
Coordinates: Coordinates{x=100000.0, y=1000}
Date of creation: 2023-05-25T03:33:23.567700400
Price: 3
Unit of measure: PCS
Owner:null, Product id 2
Name: q
Coordinates: Coordinates{x=1.0, y=2}
Date of creation: 2023-05-21T03:41:25.806234400
Price: 2
Unit of measure: PCS
Owner:null, Product id 5
Name: test111
Coordinates: Coordinates{x=100000.0, y=1000}
Date of creation: 2023-05-25T03:25:46.366327300
Price: 3
Unit of measure: PCS
Owner:null, Product id 1
Name: test
Coordinates: Coordinates{x=100000.0, y=1000}
Date of creation: 2023-05-25T03:22:50.906289300
Price: 3
Unit of measure: PCS
Owner:null, Product id 3
Name: a
Coordinates: Coordinates{x=0.0, y=1}
Date of creation: 2023-05-21T03:42:27.480896700
Price: 1
Unit of measure: PCS
Owner:null, Product id 2
Name: d
Coordinates: Coordinates{x=0.0, y=0}
Date of creation: 2023-05-25T01:29:32.611253700
Price: null
Unit of measure: PCS
Owner:
Name: as
Birthday: null
Height:10
Eye color: RED
Hair color: RED, Product id 1
Name: aaaasa
Coordinates: Coordinates{x=1.0E10, y=1000000000000}
Date of creation: 2023-05-25T01:40:32.317671100
Price: null
Unit of measure: PCS
Owner:null, Product id 3
Name: test222
Coordinates: Coordinates{x=100000.0, y=1000}
Date of creation: 2023-05-25T03:24:46.757192800
Price: 3
Unit of measure: PCS
Owner:null, Product id 3
Name: test111
Coordinates: Coordinates{x=100000.0, y=1000}
Date of creation: 2023-05-25T03:31:12.389205
Price: 3
Unit of measure: PCS
Owner:null, Product id 1
Name: exit
Coordinates: Coordinates{x=1.0, y=1}
Date of creation: 2023-05-25T01:07:35.590476600
Price: null
Unit of measure: PCS
Owner:null, Product id 1
Name: aaaaaa
Coordinates: Coordinates{x=1000.0, y=1000}
Date of creation: 2023-05-25T01:37:56.880584500
Price: null
Unit of measure: PCS
Owner:null, Product id 1
Name: s
Coordinates: Coordinates{x=10.0, y=1}
Date of creation: 2023-05-25T01:32:10.554324700
Price: null
Unit of measure: PCS
Owner:null, Product id 1
Name: test111
Coordinates: Coordinates{x=100000.0, y=1000}
Date of creation: 2023-05-25T03:31:02.318486300
Price: 3
Unit of measure: PCS
Owner:null, Product id 7
Name: test333
Coordinates: Coordinates{x=100000.0, y=1000}
Date of creation: 2023-05-25T03:31:12.419211800
Price: 3
Unit of measure: PCS
Owner:null, Product id 1
Name: q
Coordinates: Coordinates{x=1.0, y=1}
Date of creation: 2023-05-25T01:34:04.733273
Price: null
Unit of measure: LITERS
Owner:null, Product id 5
Name: test222
Coordinates: Coordinates{x=100000.0, y=1000}
Date of creation: 2023-05-25T03:31:12.406210100
Price: 3
Unit of measure: PCS
Owner:null]
INFO  | 25-05-2023 03:34:21 | managers.DumpManager - Collection successfully saved to file!
INFO  | 25-05-2023 03:34:21 | network.TCPServer - Request 'add' has been successfully processed.
