INFO  | 25-05-2023 03:43:11 | managers.DumpManager - Collection successfully loaded!
INFO  | 25-05-2023 03:43:11 | network.TCPServer - Starting the server...
INFO  | 25-05-2023 03:43:11 | network.TCPServer - The server has been successfully started.
INFO  | 25-05-2023 03:43:11 | network.TCPServer - Listening port '1821'...
INFO  | 25-05-2023 03:43:17 | network.TCPServer - The connection with the client has been successfully established.
INFO  | 25-05-2023 03:43:21 | managers.DumpManager - Collection successfully saved to file!
INFO  | 25-05-2023 03:43:21 | network.TCPServer - Request 'clear' has been successfully processed.
INFO  | 25-05-2023 03:43:30 | managers.CollectionManager - 1
INFO  | 25-05-2023 03:43:30 | managers.CollectionManager - [Product id 1
Name: testnew
Coordinates: Coordinates{x=100000.0, y=1000}
Date of creation: 2023-05-25T03:43:30.764839100
Price: 3
Unit of measure: PCS
Owner:null]
INFO  | 25-05-2023 03:43:30 | managers.DumpManager - Collection successfully saved to file!
INFO  | 25-05-2023 03:43:30 | network.TCPServer - Request 'add' has been successfully processed.
INFO  | 25-05-2023 03:43:41 | managers.CollectionManager - 2
INFO  | 25-05-2023 03:43:41 | managers.CollectionManager - [Product id 2
Name: testnew
Coordinates: Coordinates{x=100000.0, y=1000}
Date of creation: 2023-05-25T03:43:41.839364900
Price: 3
Unit of measure: PCS
Owner:null, Product id 1
Name: testnew
Coordinates: Coordinates{x=100000.0, y=1000}
Date of creation: 2023-05-25T03:43:30.764839100
Price: 3
Unit of measure: PCS
Owner:null]
INFO  | 25-05-2023 03:43:41 | managers.DumpManager - Collection successfully saved to file!
INFO  | 25-05-2023 03:43:41 | network.TCPServer - Request 'add' has been successfully processed.
